Sun Oct  5 03:28:18 BRT 2014 1 - AIME BISPO SILVA
Sun Oct  5 03:28:19 BRT 2014 2 - ALBA DE OLIVEIRA
Sun Oct  5 03:28:20 BRT 2014 3 - ALINE NERIS CORREIA
Sun Oct  5 03:28:20 BRT 2014 4 - ANDREZA MÉRCYA DAS V. DE OLIVEIRA
Sun Oct  5 03:28:21 BRT 2014 5 - AIME BISPO SILVA
Sun Oct  5 03:28:21 BRT 2014 6 - ALBA DE OLIVEIRA
Sun Oct  5 03:28:22 BRT 2014 7 - ALINE NERIS CORREIA
Sun Oct  5 03:28:22 BRT 2014 8 - ANDREZA MÉRCYA DAS V. DE OLIVEIRA
Sun Oct  5 03:28:23 BRT 2014 9 - ANTONIO FERNANDO SANTOS LADEIA
Sun Oct  5 03:28:23 BRT 2014 10 - BRUNO FELIPE
Sun Oct  5 03:28:24 BRT 2014 11 - CLÉSIO LISBOA SANTIAGO
Sun Oct  5 03:28:25 BRT 2014 12 - CRISTIANO BACELAR DE JESUS
Sun Oct  5 03:28:25 BRT 2014 13 - DANIELA FREITAS DE ARAUJO
Sun Oct  5 03:28:26 BRT 2014 14 - DENISE BISPO CORDEIRO
Sun Oct  5 03:28:26 BRT 2014 15 - DIEGO SCHNEIDER
Sun Oct  5 03:28:27 BRT 2014 16 - DIOGENES QUEIROZ DA SILVA OLIVEIRA
Sun Oct  5 03:28:27 BRT 2014 17 - EDMEIA MACHADO DOS SANTOS
Sun Oct  5 03:28:28 BRT 2014 18 - EDSON SILVA DOS SANTOS
Sun Oct  5 03:28:28 BRT 2014 19 - ERISON DE OLIVEIRA FERNANDES
Sun Oct  5 03:28:29 BRT 2014 20 - EVANEIDE SUZARTE DOS SANTOS
Sun Oct  5 03:28:29 BRT 2014 21 - FERNANDO DE OLIVEIRA
Sun Oct  5 03:28:30 BRT 2014 22 - FERNANDO MOREIRA
Sun Oct  5 03:28:31 BRT 2014 23 - FRANCISCO ADMAR OLIVEIRA
Sun Oct  5 03:28:31 BRT 2014 24 - GENILSON NASCIMENTO DE ALMEIDA
Sun Oct  5 03:28:32 BRT 2014 25 - GILMAR CASTRO DOS SANTOS
Sun Oct  5 03:28:33 BRT 2014 26 - GISELLE CAROLINE MELO LOPES
Sun Oct  5 03:28:33 BRT 2014 27 - GLAUBER RAIMUNDO ANJOS DOS SANTOS
Sun Oct  5 03:28:34 BRT 2014 28 - ÍTALO RANIELLE SILVA CAVANCANTE FILHO
Sun Oct  5 03:28:34 BRT 2014 29 - IVANILDO DOS SANTOS BISPO
Sun Oct  5 03:28:35 BRT 2014 30 - JAIRO LUCIANO REGO
Sun Oct  5 03:28:36 BRT 2014 31 - JAIRO LUCIANO RÊGO
Sun Oct  5 03:28:36 BRT 2014 32 - JEFFERSON DA SILVA OLIVEIRA
Sun Oct  5 03:28:37 BRT 2014 33 - JOÃO LUCAS DA CRUZ SANTOS
Sun Oct  5 03:28:38 BRT 2014 34 - JOEL VARGAS
Sun Oct  5 03:28:39 BRT 2014 35 - JOSEANE DOS SANTOS RIBEIRO
Sun Oct  5 03:28:39 BRT 2014 36 - JOVENIR GALDINO DA SILVA JUNIOR
Sun Oct  5 03:28:40 BRT 2014 37 - JULIANE RODRIGUES LEAL
Sun Oct  5 03:28:40 BRT 2014 38 - KLEBER ANTONIO DA SILVA OLIVEIRA
Sun Oct  5 03:28:41 BRT 2014 39 - LENIRA CRUZ DE JESUS
Sun Oct  5 03:28:41 BRT 2014 40 - LUCAS ARAUJO DE SANTANA
Sun Oct  5 03:28:42 BRT 2014 41 - LUIZ FELIPPE SANTOS COUTO
Sun Oct  5 03:28:43 BRT 2014 42 - LUIZ FERNANDO DE J. ALCANTARA
Sun Oct  5 03:28:43 BRT 2014 43 - MANOELA SOUZA
Sun Oct  5 03:28:44 BRT 2014 44 - MARCLEIBE MERCÊS SANTOS
Sun Oct  5 03:28:45 BRT 2014 45 - NOROEL COSTA DE SANTANA
Sun Oct  5 03:28:46 BRT 2014 46 - NUNO SOUSA
Sun Oct  5 03:28:46 BRT 2014 47 - OSNIR MESQUITA SANTOS
Sun Oct  5 03:28:47 BRT 2014 48 - PATRICIA DE JESUS SANTOS
Sun Oct  5 03:28:47 BRT 2014 49 - PEDRO FRANSCISCO GOMES NETO
Sun Oct  5 03:28:48 BRT 2014 50 - PEDRO HENRIQUE
Sun Oct  5 03:28:48 BRT 2014 51 - PEDRO JEFFERSON NASCIMENTO DA SILVA SALES
Sun Oct  5 03:28:49 BRT 2014 52 - RAMON DE OLIVEIRA ALMEIDA
Sun Oct  5 03:28:50 BRT 2014 53 - RICARDO KESO
Sun Oct  5 03:28:50 BRT 2014 54 - ROSELI DOS SANTOS SALES
Sun Oct  5 03:28:51 BRT 2014 55 - SALOMAO SILVA CARNEIRO
Sun Oct  5 03:28:51 BRT 2014 56 - VAGNER OLIVEIRA PIMENTEL PEREIRA
Sun Oct  5 03:28:52 BRT 2014 57 - VIVADO NASCIMENTO DE JESUS
Sun Oct  5 03:28:52 BRT 2014 58 - WELLINGTON FERREIRA DE SOUZA
Sun Oct  5 03:28:53 BRT 2014 59 - WESLEY SILVA ZAHREDDINE
Sun Oct  5 03:28:53 BRT 2014 60 - YURI DE CARVALHO COSTA
